<?xml version="1.0" encoding="UTF-8"?>
<!-- Generated by org.testng.reporters.JUnitXMLReporter -->
<testsuite ignored="0" hostname="Poppy" failures="0" tests="3" name="Default test" time="0.033" errors="0" timestamp="2021-05-18T23:57:52 IST">
  <testcase classname="simple_annotations.Demo_annotations" name="bat" time="0.006"/>
  <testcase classname="simple_annotations.Demo_annotations" name="earphone" time="0.0"/>
  <testcase classname="simple_annotations.Demo_annotations" name="shoes" time="0.001"/>
</testsuite> <!-- Default test -->
